{
  "RSpec": {
    "coverage": {
      "/Users/DJAris/Desktop/Boxes/app/helpers/application_helper.rb": [
        1,
        1,
        15,
        0,
        2,
        13,
        0,
        null,
        null,
        null,
        1,
        13,
        13,
        13,
        13,
        null,
        null
      ],
      "/Users/DJAris/Desktop/Boxes/app/helpers/boxes_helper.rb": [
        1,
        null
      ],
      "/Users/DJAris/Desktop/Boxes/app/helpers/games_helper.rb": [
        1,
        1,
        null,
        null,
        null
      ],
      "/Users/DJAris/Desktop/Boxes/app/helpers/sessions_helper.rb": [
        1,
        null
      ],
      "/Users/DJAris/Desktop/Boxes/app/helpers/users_helper.rb": [
        1,
        null
      ],
      "/Users/DJAris/Desktop/Boxes/app/controllers/boxes_controller.rb": [
        1,
        1,
        1,
        null,
        1,
        3,
        null,
        3,
        2,
        2,
        null,
        1,
        1,
        null,
        null,
        null,
        1,
        null,
        1,
        3,
        null,
        null
      ],
      "/Users/DJAris/Desktop/Boxes/app/controllers/application_controller.rb": [
        1,
        null,
        null,
        1,
        1,
        null,
        1,
        73,
        null,
        null,
        1,
        null,
        1,
        0,
        0,
        0,
        null,
        null,
        null,
        1,
        73,
        null,
        null,
        1,
        0,
        0,
        0,
        null,
        null,
        null,
        1,
        73,
        0,
        0,
        null,
        null,
        null,
        1,
        null,
        1,
        0,
        null,
        null
      ],
      "/Users/DJAris/Desktop/Boxes/app/controllers/games_controller.rb": [
        1,
        1,
        1,
        1,
        null,
        1,
        null,
        null,
        1,
        0,
        null,
        null,
        1,
        27,
        null,
        null,
        1,
        8,
        null,
        null,
        null,
        1,
        0,
        0,
        null,
        0,
        0,
        0,
        null,
        0,
        0,
        null,
        null,
        null,
        1,
        null,
        1,
        0,
        null,
        null,
        1,
        5,
        5,
        0,
        0,
        null,
        5,
        null,
        null,
        null
      ],
      "/Users/DJAris/Desktop/Boxes/app/models/box.rb": [
        1,
        1,
        1,
        null,
        1,
        null,
        1,
        null,
        1,
        23,
        35,
        35,
        1,
        14,
        1,
        1,
        1,
        28,
        8,
        null,
        1,
        6,
        4,
        2,
        null,
        2,
        null,
        null,
        4,
        null,
        null,
        1,
        null,
        1,
        6,
        null,
        null,
        1,
        4791,
        null,
        null
      ],
      "/Users/DJAris/Desktop/Boxes/app/models/game.rb": [
        1,
        87,
        null,
        1,
        1,
        null,
        1,
        null,
        1,
        null,
        null,
        null,
        null,
        null,
        null,
        1,
        1,
        null,
        1,
        1,
        null,
        28,
        28,
        1,
        1,
        45,
        1,
        1,
        null,
        1,
        null,
        1,
        66,
        null,
        null,
        1,
        141,
        24,
        24,
        2424,
        null,
        null,
        null,
        1,
        12,
        null,
        null,
        1,
        66,
        null,
        null,
        1,
        63,
        6,
        6,
        6,
        600,
        600,
        null,
        null,
        null
      ],
      "/Users/DJAris/Desktop/Boxes/app/models/score.rb": [
        1,
        null,
        1,
        1,
        null,
        null,
        null,
        1,
        1,
        1,
        1,
        1,
        null,
        null,
        null,
        1,
        1,
        null,
        1,
        35,
        1,
        null,
        1,
        null,
        1,
        56,
        null,
        null,
        1,
        30,
        null,
        null
      ],
      "/Users/DJAris/Desktop/Boxes/app/models/user.rb": [
        1,
        null,
        null,
        1,
        1,
        null,
        1,
        null,
        1,
        1,
        1,
        null,
        null,
        null,
        null
      ],
      "/Users/DJAris/Desktop/Boxes/app/services/score_updater.rb": [
        1,
        1,
        34,
        34,
        null,
        null,
        1,
        null,
        1,
        34,
        22,
        null,
        null,
        null,
        1,
        34,
        15,
        15,
        15,
        null,
        null,
        null,
        null
      ],
      "/Users/DJAris/Desktop/Boxes/app/controllers/sessions_controller.rb": [
        1,
        1,
        null,
        1,
        null,
        null,
        1,
        12,
        12,
        11,
        11,
        null,
        1,
        1,
        null,
        null,
        null,
        1,
        1,
        1,
        null,
        null,
        1,
        null,
        1,
        36,
        null,
        null,
        1,
        12,
        null,
        null,
        null
      ],
      "/Users/DJAris/Desktop/Boxes/app/controllers/users_controller.rb": [
        1,
        1,
        null,
        1,
        0,
        0,
        0,
        0,
        0,
        null,
        null,
        1,
        2,
        2,
        1,
        1,
        null,
        1,
        1,
        null,
        null,
        null,
        1,
        2,
        2,
        0,
        null,
        null,
        null,
        1,
        null,
        1,
        2,
        null,
        null
      ],
      "/Users/DJAris/Desktop/Boxes/app/presenters/game_presenter.rb": [
        1,
        1,
        13,
        13,
        null,
        null,
        1,
        8,
        8,
        null,
        null,
        1,
        0,
        0,
        null,
        null,
        1,
        5,
        5,
        null,
        null,
        1,
        0,
        0,
        null,
        null
      ],
      "/Users/DJAris/Desktop/Boxes/app/services/game_updater.rb": [
        1,
        1,
        22,
        22,
        22,
        22,
        22,
        22,
        22,
        null,
        null
      ],
      "/Users/DJAris/Desktop/Boxes/app/services/box_updater.rb": [
        1,
        1,
        22,
        22,
        22,
        22,
        88,
        28,
        28,
        28,
        null,
        null,
        22,
        null,
        null,
        1,
        null,
        1,
        22,
        21,
        null,
        null,
        null,
        1,
        28,
        28,
        28,
        12,
        null,
        16,
        null,
        28,
        28,
        null,
        null
      ],
      "/Users/DJAris/Desktop/Boxes/app/controllers/scores_controller.rb": [
        1,
        1,
        1,
        null,
        1,
        10,
        10,
        10,
        10,
        null,
        0,
        0,
        null,
        null,
        null,
        1,
        null,
        null,
        1,
        10,
        10,
        null,
        null,
        1,
        10,
        10,
        null,
        null,
        1,
        0,
        0,
        null,
        null,
        null,
        1,
        0,
        0,
        null,
        0,
        0,
        0,
        null,
        0,
        0,
        null,
        null,
        null,
        1,
        null,
        1,
        10,
        null,
        null
      ],
      "/Users/DJAris/Desktop/Boxes/app/controllers/admin/games_controller.rb": [
        0,
        0,
        0,
        0,
        0,
        0,
        0,
        0,
        0,
        0,
        0,
        0,
        0,
        0,
        0,
        0,
        0,
        0,
        0,
        0,
        0,
        0,
        0,
        0,
        0,
        0,
        0,
        0,
        0,
        0,
        0,
        0,
        0,
        0,
        0,
        0,
        0,
        0,
        0,
        0,
        0,
        0,
        0,
        0,
        0,
        0,
        0,
        0,
        0,
        0
      ]
    },
    "timestamp": 1454734506
  }
}
