{
  "RSpec": {
    "coverage": {
      "/Users/DJAris/Desktop/Boxes/app/helpers/application_helper.rb": [
        1,
        1,
        5,
        0,
        0,
        5,
        0,
        null,
        null,
        null,
        1,
        2,
        2,
        2,
        2,
        null,
        null
      ],
      "/Users/DJAris/Desktop/Boxes/app/helpers/boxes_helper.rb": [
        1,
        null
      ],
      "/Users/DJAris/Desktop/Boxes/app/helpers/games_helper.rb": [
        1,
        1,
        null,
        null,
        null
      ],
      "/Users/DJAris/Desktop/Boxes/app/helpers/sessions_helper.rb": [
        1,
        null
      ],
      "/Users/DJAris/Desktop/Boxes/app/helpers/users_helper.rb": [
        1,
        null
      ],
      "/Users/DJAris/Desktop/Boxes/app/controllers/boxes_controller.rb": [
        1,
        1,
        1,
        null,
        1,
        0,
        null,
        0,
        0,
        0,
        null,
        0,
        0,
        null,
        null,
        null,
        1,
        null,
        1,
        0,
        null,
        null
      ],
      "/Users/DJAris/Desktop/Boxes/app/controllers/application_controller.rb": [
        1,
        null,
        null,
        1,
        1,
        null,
        1,
        11,
        null,
        null,
        1,
        null,
        1,
        0,
        0,
        0,
        null,
        null,
        null,
        1,
        11,
        null,
        null,
        1,
        0,
        0,
        0,
        null,
        null,
        null,
        1,
        11,
        0,
        0,
        null,
        null,
        null,
        1,
        null,
        1,
        0,
        null,
        null
      ],
      "/Users/DJAris/Desktop/Boxes/app/controllers/games_controller.rb": [
        1,
        1,
        1,
        1,
        null,
        1,
        null,
        null,
        1,
        0,
        null,
        null,
        1,
        9,
        null,
        null,
        1,
        1,
        1,
        null,
        null,
        null,
        1,
        0,
        0,
        null,
        0,
        0,
        0,
        null,
        0,
        0,
        null,
        null,
        null,
        1,
        null,
        1,
        0,
        null,
        null,
        1,
        1,
        1,
        0,
        0,
        null,
        1,
        null,
        null,
        null
      ],
      "/Users/DJAris/Desktop/Boxes/app/models/box.rb": [
        1,
        1,
        1,
        null,
        1,
        null,
        1,
        null,
        1,
        1,
        1,
        1,
        1,
        3,
        1,
        1,
        1,
        null,
        1,
        3,
        2,
        1,
        null,
        1,
        null,
        null,
        2,
        null,
        null,
        1,
        null,
        1,
        3,
        null,
        null,
        1,
        2607,
        null,
        null
      ],
      "/Users/DJAris/Desktop/Boxes/app/models/game.rb": [
        1,
        28,
        null,
        1,
        1,
        null,
        1,
        null,
        1,
        null,
        1,
        1,
        null,
        1,
        1,
        null,
        10,
        10,
        1,
        1,
        1,
        1,
        null,
        1,
        null,
        1,
        21,
        null,
        null,
        1,
        38,
        24,
        2424,
        null,
        null,
        1,
        36,
        null,
        null,
        1,
        21,
        null,
        null,
        1,
        18,
        18,
        18,
        18,
        1800,
        1800,
        null,
        null,
        null
      ],
      "/Users/DJAris/Desktop/Boxes/app/models/score.rb": [
        1,
        null,
        1,
        null,
        null,
        null,
        1,
        1,
        1,
        null,
        null,
        null,
        1,
        null,
        1,
        null,
        1,
        null,
        1,
        5,
        null,
        null
      ],
      "/Users/DJAris/Desktop/Boxes/app/models/user.rb": [
        1,
        null,
        null,
        1,
        1,
        null,
        1,
        null,
        1,
        1,
        1,
        null,
        null
      ],
      "/Users/DJAris/Desktop/Boxes/app/controllers/sessions_controller.rb": [
        1,
        1,
        null,
        1,
        null,
        null,
        1,
        7,
        7,
        5,
        5,
        null,
        2,
        2,
        null,
        null,
        null,
        1,
        1,
        1,
        null,
        null,
        1,
        null,
        1,
        25,
        null,
        null,
        1,
        11,
        null,
        null,
        null
      ],
      "/Users/DJAris/Desktop/Boxes/app/controllers/users_controller.rb": [
        1,
        1,
        null,
        1,
        0,
        0,
        0,
        0,
        0,
        null,
        null,
        1,
        4,
        4,
        1,
        1,
        null,
        3,
        3,
        null,
        null,
        null,
        1,
        4,
        4,
        0,
        null,
        null,
        null,
        1,
        null,
        1,
        4,
        null,
        null
      ],
      "/Users/DJAris/Desktop/Boxes/app/presenters/game_presenter.rb": [
        1,
        1,
        2,
        2,
        null,
        null,
        1,
        1,
        1,
        null,
        null,
        1,
        0,
        0,
        null,
        null,
        1,
        1,
        1,
        null,
        null,
        1,
        0,
        0,
        null,
        null
      ],
      "/Users/DJAris/Desktop/Boxes/app/controllers/admin/games_controller.rb": [
        0,
        0,
        0,
        0,
        0,
        0,
        0,
        0,
        0,
        0,
        0,
        0,
        0,
        0,
        0,
        0,
        0,
        0,
        0,
        0,
        0,
        0,
        0,
        0,
        0,
        0,
        0,
        0,
        0,
        0,
        0,
        0,
        0,
        0,
        0,
        0,
        0,
        0,
        0,
        0,
        0,
        0,
        0,
        0,
        0,
        0,
        0,
        0,
        0,
        0
      ]
    },
    "timestamp": 1454228387
  }
}
